info 2020-11-17T16:19:13.188Z - server running on port 3000
info 2020-11-17T16:19:23.643Z - stopping server
info 2020-11-17T16:21:52.952Z - server running on port 3000
error 2020-11-17T16:22:22.069Z - Error: Failed to lookup view "login" in views directory "/Users/manuelbarzi/.../letscoder/letscoder-bootcamp-202010/collab/letscoder-bootcamp-202010/staff/manuel-barzi/web-server/views"
info 2020-11-17T16:31:56.568Z - server running on port 3000
info 2020-11-17T16:32:51.784Z - server running on port 3000
info 2020-11-17T16:32:55.107Z - stopping server
info 2020-11-17T16:40:45.941Z - server running on port 3000
info 2020-11-17T16:49:00.267Z - stopping server
info 2020-11-17T16:49:00.268Z - stopping server
info 2020-11-17T16:49:11.080Z - server running on port 3000
error 2020-11-17T16:49:24.446Z - could not accept cookies :(
error 2020-11-17T16:50:33.684Z - could not accept cookies :(
info 2020-11-17T17:11:52.252Z - stopping server

info 2020-11-17T17:13:02.777Z - server running on port 3000
info 2020-11-17T17:14:34.355Z - stopping server
info 2020-11-17T17:14:34.355Z - stopping server
info 2020-11-18T13:00:35.228Z - server running on port 4000
info 2020-11-18T13:01:12.536Z - stopping server
info 2020-11-18T13:01:12.537Z - stopping server
info 2020-11-18T13:01:15.670Z - server running on port 4000
info 2020-11-18T13:03:18.380Z - stopping server
info 2020-11-18T13:03:18.381Z - stopping server
info 2020-11-18T13:15:25.409Z - server running on port 4000
info 2020-11-18T13:18:09.224Z - server running on port 4000
error 2020-11-18T13:18:23.101Z - Error: fullname is empty or blank
error 2020-11-18T13:18:36.202Z - Error: e-mail serpiente@mail.com already registered
info 2020-11-18T13:19:03.308Z - stopping server
info 2020-11-18T13:19:04.401Z - server running on port 4000
error 2020-11-18T13:19:06.886Z - Error: e-mail serpiente@mail.com already registered
info 2020-11-18T13:19:42.673Z - stopping server
info 2020-11-18T13:19:42.673Z - stopping server
info 2020-11-18T13:20:26.360Z - server running on port 4000
info 2020-11-18T13:43:31.863Z - stopping server
info 2020-11-18T13:43:31.864Z - stopping server
info 2020-11-18T13:45:50.034Z - server running on port 4000
info 2020-11-18T13:49:15.244Z - stopping server
info 2020-11-18T13:49:15.244Z - stopping server
info 2020-11-18T13:49:34.615Z - server running on port 4000
info 2020-11-18T13:53:43.043Z - server running on port 4000
info 2020-11-18T13:55:43.167Z - server running on port 4000
info 2020-11-18T13:56:35.766Z - server running on port 4000
info 2020-11-18T13:58:25.580Z - server running on port 4000
info 2020-11-18T13:59:49.053Z - server running on port 4000
info 2020-11-18T14:00:17.901Z - server running on port 4000
error 2020-11-18T14:00:43.219Z - Error: e-mail manuelbarzi@gmail.com already registered
info 2020-11-18T16:55:31.312Z - server running on port 4000
info 2020-11-18T16:58:37.224Z - stopping server
info 2020-11-18T16:58:43.074Z - server running on port 4000
info 2020-11-18T17:06:51.042Z - stopping server
info 2020-11-18T17:07:11.126Z - server running on port 4000
info 2020-11-18T17:36:50.971Z - stopping server
info 2020-11-18T17:37:57.188Z - server running on port 4000
info 2020-11-18T17:46:31.130Z - stopping server
info 2020-11-18T17:47:34.976Z - server running on port 4000
info 2020-11-18T18:03:11.706Z - stopping server
info 2020-11-18T18:03:19.464Z - server running on port 4000
info 2020-11-18T18:05:07.635Z - stopping server
info 2020-11-18T18:05:42.450Z - server running on port 4000
info 2020-11-18T18:09:15.250Z - stopping server
info 2020-11-18T18:44:51.673Z - server running on port 4000
info 2020-11-18T18:47:50.924Z - stopping server
info 2020-11-19T09:38:04.724Z - server running on port 4000
info 2020-11-19T10:13:59.104Z - stopping server
info 2020-11-19T10:14:05.252Z - server running on port 4000
info 2020-11-19T10:23:08.680Z - stopping server
info 2020-11-19T10:23:13.499Z - server running on port 4000
info 2020-11-19T10:31:04.497Z - stopping server
info 2020-11-19T10:31:09.621Z - server running on port 4000
info 2020-11-19T10:34:46.025Z - stopping server
info 2020-11-19T10:34:49.760Z - server running on port 4000
info 2020-11-19T10:41:25.010Z - stopping server
info 2020-11-19T10:41:32.910Z - server running on port 4000
info 2020-11-19T12:03:02.725Z - stopping server
info 2020-11-19T16:02:44.203Z - server running on port 4000
info 2020-11-19T16:15:05.886Z - stopping server
info 2020-11-19T16:15:16.744Z - server running on port 4000
info 2020-11-19T18:27:56.101Z - server running on port 4000
error 2020-11-19T18:29:05.618Z - TypeError: saveNote is not a function
error 2020-11-19T18:32:29.369Z - TypeError: saveNote is not a function
error 2020-11-19T18:34:42.465Z - TypeError: saveNote is not a function
info 2020-11-19T18:35:10.251Z - stopping server
info 2020-11-19T18:35:15.662Z - server running on port 4000
